unityLibrary/build/intermediates/manifest_merge_blame_file/debug/manifest-merger-blame-debug-report.txt
1<?xml version="1.0" encoding="utf-8"?>
2<manifest xmlns:android="http://schemas.android.com/apk/res/android"
3    xmlns:tools="http://schemas.android.com/tools"
4    package="com.unity3d.player" >
5
6    <uses-sdk android:minSdkVersion="29" />
7
8    <uses-feature
8-->src\main\AndroidManifest.xml:3:3-90
9        android:name="android.hardware.sensor.compass"
9-->src\main\AndroidManifest.xml:3:17-63
10        android:required="true" />
10-->src\main\AndroidManifest.xml:3:64-87
11    <uses-feature android:glEsVersion="0x00030000" />
11-->src\main\AndroidManifest.xml:4:3-52
11-->src\main\AndroidManifest.xml:4:17-49
12    <uses-feature
12-->src\main\AndroidManifest.xml:5:3-91
13        android:name="android.hardware.vulkan.version"
13-->src\main\AndroidManifest.xml:5:17-63
14        android:required="false" />
14-->src\main\AndroidManifest.xml:5:64-88
15    <uses-feature
15-->src\main\AndroidManifest.xml:6:3-88
16        android:name="android.hardware.touchscreen"
16-->src\main\AndroidManifest.xml:6:17-60
17        android:required="false" />
17-->src\main\AndroidManifest.xml:6:61-85
18    <uses-feature
18-->src\main\AndroidManifest.xml:7:3-99
19        android:name="android.hardware.touchscreen.multitouch"
19-->src\main\AndroidManifest.xml:7:17-71
20        android:required="false" />
20-->src\main\AndroidManifest.xml:7:72-96
21    <uses-feature
21-->src\main\AndroidManifest.xml:8:3-108
22        android:name="android.hardware.touchscreen.multitouch.distinct"
22-->src\main\AndroidManifest.xml:8:17-80
23        android:required="false" />
23-->src\main\AndroidManifest.xml:8:81-105
24
25    <application android:extractNativeLibs="true" >
25-->src\main\AndroidManifest.xml:9:3-24:17
25-->src\main\AndroidManifest.xml:9:16-48
26        <meta-data
26-->src\main\AndroidManifest.xml:10:5-69
27            android:name="unity.splash-mode"
27-->src\main\AndroidManifest.xml:10:16-48
28            android:value="0" />
28-->src\main\AndroidManifest.xml:10:49-66
29        <meta-data
29-->src\main\AndroidManifest.xml:11:5-74
30            android:name="unity.splash-enable"
30-->src\main\AndroidManifest.xml:11:16-50
31            android:value="True" />
31-->src\main\AndroidManifest.xml:11:51-71
32        <meta-data
32-->src\main\AndroidManifest.xml:12:5-78
33            android:name="unity.launch-fullscreen"
33-->src\main\AndroidManifest.xml:12:16-54
34            android:value="True" />
34-->src\main\AndroidManifest.xml:12:55-75
35        <meta-data
35-->src\main\AndroidManifest.xml:13:5-84
36            android:name="unity.allow-resizable-window"
36-->src\main\AndroidManifest.xml:13:16-59
37            android:value="False" />
37-->src\main\AndroidManifest.xml:13:60-81
38        <meta-data
38-->src\main\AndroidManifest.xml:14:5-81
39            android:name="notch.config"
39-->src\main\AndroidManifest.xml:14:16-43
40            android:value="portrait|landscape" />
40-->src\main\AndroidManifest.xml:14:44-78
41        <meta-data
41-->src\main\AndroidManifest.xml:15:5-84
42            android:name="unity.auto-report-fully-drawn"
42-->src\main\AndroidManifest.xml:15:16-60
43            android:value="true" />
43-->src\main\AndroidManifest.xml:15:61-81
44
45        <activity
45-->src\main\AndroidManifest.xml:16:5-23:16
46            android:name="com.unity3d.player.UnityPlayerActivity"
46-->src\main\AndroidManifest.xml:16:15-68
47            android:configChanges="mcc|mnc|locale|touchscreen|keyboard|keyboardHidden|navigation|orientation|screenLayout|uiMode|screenSize|smallestScreenSize|fontScale|layoutDirection|density"
47-->src\main\AndroidManifest.xml:16:180-361
48            android:exported="true"
48-->src\main\AndroidManifest.xml:16:433-456
49            android:hardwareAccelerated="false"
49-->src\main\AndroidManifest.xml:16:397-432
50            android:launchMode="singleTask"
50-->src\main\AndroidManifest.xml:16:148-179
51            android:process=":unityplayer"
51-->src\main\AndroidManifest.xml:16:457-487
52            android:resizeableActivity="false"
52-->src\main\AndroidManifest.xml:16:362-396
53            android:screenOrientation="fullUser"
53-->src\main\AndroidManifest.xml:16:111-147
54            android:theme="@style/UnityThemeSelector" >
54-->src\main\AndroidManifest.xml:16:69-110
55
56            <!-- <intent-filter> -->
57            <!-- <category android:name="android.intent.category.LAUNCHER" /> -->
58            <!-- <action android:name="android.intent.action.MAIN" /> -->
59            <!-- </intent-filter> -->
60            <meta-data
60-->src\main\AndroidManifest.xml:21:7-82
61                android:name="unityplayer.UnityActivity"
61-->src\main\AndroidManifest.xml:21:18-58
62                android:value="true" />
62-->src\main\AndroidManifest.xml:21:59-79
63            <meta-data
63-->src\main\AndroidManifest.xml:22:7-70
64                android:name="notch_support"
64-->src\main\AndroidManifest.xml:22:18-46
65                android:value="true" />
65-->src\main\AndroidManifest.xml:22:47-67
66        </activity>
67    </application>
68
69</manifest>